[2025-11-03 10:34:35] Created directory: /mnt/c/Users/user/OneDrive/Desktop/Automated Backup System/backups/weekly
[2025-11-03 10:34:35] Created directory: /mnt/c/Users/user/OneDrive/Desktop/Automated Backup System/backups/monthly
[2025-11-03 10:34:35] Starting backup for: /mnt/c/Users/user/OneDrive/Desktop/Automated Backup System
[2025-11-03 10:34:35] [DRYRUN] Would create: /mnt/c/Users/user/OneDrive/Desktop/Automated Backup System/backups/daily/backup-2025-11-03_10-34-35.tar.gz
[2025-11-03 10:34:35] Backup process completed successfully ✅
[2025-11-03 10:34:48] Starting backup for: /mnt/c/Users/user/OneDrive/Desktop/Automated Backup System
[2025-11-03 10:34:48] Backup created: /mnt/c/Users/user/OneDrive/Desktop/Automated Backup System/backups/daily/backup-2025-11-03_10-34-48.tar.gz
[2025-11-03 10:34:48] Backup process completed successfully ✅
[2025-11-04 08:56:56] Restoring /home/user/backups/backup-2025-11-03-1430.tar.gz → --to
[2025-11-04 08:58:12] Restoring /mnt/c/Users/user/OneDrive/Desktop/Automated Backup System/backups/daily/backup-2025-11-03_10-34-48.tar.gz → --to
[2025-11-04 09:17:18] Starting backup for /mnt/c/Users/user/OneDrive/Desktop/Automated Backup System ...
[2025-11-04 09:17:18] [DRYRUN] Would create: /mnt/c/Users/user/OneDrive/Desktop/Automated Backup System/backups/daily/backup-2025-11-04_09-17-18.tar.gz
[2025-11-04 09:17:19] Backup finished successfully.
[2025-11-04 09:20:07] Starting backup for /mnt/c/Users/user/OneDrive/Desktop/Automated Backup System ...
[2025-11-04 09:20:08] Backup created: /mnt/c/Users/user/OneDrive/Desktop/Automated Backup System/backups/daily/backup-2025-11-04_09-20-07.tar.gz
[2025-11-04 09:20:08] Backup finished successfully.
[2025-11-04 09:21:49] Restoring ./backups/daily/backup-2025-11-04_09-46-05.tar.gz to ./restore ...
[2025-11-04 09:27:10] Restoring backup-2025-11-03_10-34-48.tar.gz to --to ...
[2025-11-04 09:28:13] Restoring ./backups/daily/backup-2025-11-03_10-34-48.tar.gz to ./restore ...
[2025-11-04 09:28:13] Restore completed!
[2025-11-04 09:28:23] Restoring ./backups/daily/backup-2025-11-04_09-20-07.tar.gz to ./restore ...
[2025-11-04 09:28:24] Restore completed!
[2025-11-05 07:29:06] Restoring backup-2025-11-03_10-34-48.tar.gz to ./restore ...
[2025-11-05 07:30:03] Restoring ./backups/daily/backup-2025-11-03_10-34-48.tar.gz to ./restore ...
